# JRE version: Java(TM) SE Runtime Environment (8.0_111-b14) (build 1.8.0_111-b14)
# Java VM: Java HotSpot(TM) Client VM (25.111-b14 mixed mode windows-x86 )
Heap:
 def new generation   total 37952K, used 5653K [0x04400000, 0x06d20000, 0x09950000)
  eden space 33792K,  16% used [0x04400000, 0x04985418, 0x06500000)
  from space 4160K,   0% used [0x06500000, 0x06500000, 0x06910000)
  to   space 4160K,   0% used [0x06910000, 0x06910000, 0x06d20000)
 tenured generation   total 84044K, used 50425K [0x09950000, 0x0eb63000, 0x14400000)
   the space 84044K,  59% used [0x09950000, 0x0ca8e640, 0x0ca8e800, 0x0eb63000)
 Metaspace       used 13115K, capacity 13564K, committed 13568K, reserved 13696K
GC Heap History (10 events):
Event: 7.180 GC heap before
{Heap before GC invocations=30 (full 10):
 def new generation   total 22784K, used 20284K [0x04400000, 0x05cb0000, 0x09950000)
  eden space 20288K,  95% used [0x04400000, 0x056e5c48, 0x057d0000)
  from space 2496K,  37% used [0x05a40000, 0x05b29620, 0x05cb0000)
  to   space 2496K,   0% used [0x057d0000, 0x057d0000, 0x05a40000)
 tenured generation   total 50440K, used 35276K [0x09950000, 0x0ca92000, 0x14400000)
   the space 50440K,  69% used [0x09950000, 0x0bbc3390, 0x0bbc3400, 0x0ca92000)
 Metaspace       used 12439K, capacity 12882K, committed 12928K, reserved 13696K
Event: 7.182 GC heap after
Heap after GC invocations=31 (full 10):
 def new generation   total 22784K, used 1676K [0x04400000, 0x05cb0000, 0x09950000)
  eden space 20288K,   0% used [0x04400000, 0x04400000, 0x057d0000)
  from space 2496K,  67% used [0x057d0000, 0x05973168, 0x05a40000)
  to   space 2496K,   0% used [0x05a40000, 0x05a40000, 0x05cb0000)
 tenured generation   total 50440K, used 39495K [0x09950000, 0x0ca92000, 0x14400000)
   the space 50440K,  78% used [0x09950000, 0x0bfe1eb0, 0x0bfe2000, 0x0ca92000)
 Metaspace       used 12439K, capacity 12882K, committed 12928K, reserved 13696K
}
Event: 7.244 GC heap before
{Heap before GC invocations=31 (full 10):
 def new generation   total 22784K, used 20362K [0x04400000, 0x05cb0000, 0x09950000)
  eden space 20288K,  92% used [0x04400000, 0x0563f9c0, 0x057d0000)
  from space 2496K,  67% used [0x057d0000, 0x05973168, 0x05a40000)
  to   space 2496K,   0% used [0x05a40000, 0x05a40000, 0x05cb0000)
 tenured generation   total 50440K, used 39495K [0x09950000, 0x0ca92000, 0x14400000)
   the space 50440K,  78% used [0x09950000, 0x0bfe1eb0, 0x0bfe2000, 0x0ca92000)
 Metaspace       used 12439K, capacity 12882K, committed 12928K, reserved 13696K
Event: 7.247 GC heap after
Heap after GC invocations=32 (full 10):
 def new generation   total 22784K, used 1585K [0x04400000, 0x05cb0000, 0x09950000)
  eden space 20288K,   0% used [0x04400000, 0x04400000, 0x057d0000)
  from space 2496K,  63% used [0x05a40000, 0x05bcc470, 0x05cb0000)
  to   space 2496K,   0% used [0x057d0000, 0x057d0000, 0x05a40000)
 tenured generation   total 50440K, used 44170K [0x09950000, 0x0ca92000, 0x14400000)
   the space 50440K,  87% used [0x09950000, 0x0c472a88, 0x0c472c00, 0x0ca92000)
 Metaspace       used 12439K, capacity 12882K, committed 12928K, reserved 13696K
}
Event: 7.302 GC heap before
{Heap before GC invocations=32 (full 10):
 def new generation   total 22784K, used 20152K [0x04400000, 0x05cb0000, 0x09950000)
  eden space 20288K,  91% used [0x04400000, 0x05621d98, 0x057d0000)
  from space 2496K,  63% used [0x05a40000, 0x05bcc470, 0x05cb0000)
  to   space 2496K,   0% used [0x057d0000, 0x057d0000, 0x05a40000)
 tenured generation   total 50440K, used 44170K [0x09950000, 0x0ca92000, 0x14400000)
   the space 50440K,  87% used [0x09950000, 0x0c472a88, 0x0c472c00, 0x0ca92000)
 Metaspace       used 12439K, capacity 12882K, committed 12928K, reserved 13696K
Event: 7.305 GC heap after
Heap after GC invocations=33 (full 10):
 def new generation   total 22784K, used 2175K [0x04400000, 0x05cb0000, 0x09950000)
  eden space 20288K,   0% used [0x04400000, 0x04400000, 0x057d0000)
  from space 2496K,  87% used [0x057d0000, 0x059efde8, 0x05a40000)
  to   space 2496K,   0% used [0x05a40000, 0x05a40000, 0x05cb0000)
 tenured generation   total 50440K, used 47820K [0x09950000, 0x0ca92000, 0x14400000)
   the space 50440K,  94% used [0x09950000, 0x0c8030f8, 0x0c803200, 0x0ca92000)
 Metaspace       used 12439K, capacity 12882K, committed 12928K, reserved 13696K
}
Event: 7.364 GC heap before
{Heap before GC invocations=33 (full 10):
 def new generation   total 22784K, used 22413K [0x04400000, 0x05cb0000, 0x09950000)
  eden space 20288K,  99% used [0x04400000, 0x057c36e0, 0x057d0000)
  from space 2496K,  87% used [0x057d0000, 0x059efde8, 0x05a40000)
  to   space 2496K,   0% used [0x05a40000, 0x05a40000, 0x05cb0000)
 tenured generation   total 50440K, used 47820K [0x09950000, 0x0ca92000, 0x14400000)
   the space 50440K,  94% used [0x09950000, 0x0c8030f8, 0x0c803200, 0x0ca92000)
 Metaspace       used 12439K, capacity 12882K, committed 12928K, reserved 13696K
Event: 7.367 GC heap after
Heap after GC invocations=34 (full 10):
 def new generation   total 22784K, used 2220K [0x04400000, 0x05cb0000, 0x09950000)
  eden space 20288K,   0% used [0x04400000, 0x04400000, 0x057d0000)
  from space 2496K,  88% used [0x05a40000, 0x05c6b370, 0x05cb0000)
  to   space 2496K,   0% used [0x057d0000, 0x057d0000, 0x05a40000)
 tenured generation   total 50440K, used 49990K [0x09950000, 0x0ca92000, 0x14400000)
   the space 50440K,  99% used [0x09950000, 0x0ca21a78, 0x0ca21c00, 0x0ca92000)
 Metaspace       used 12439K, capacity 12882K, committed 12928K, reserved 13696K
}
Event: 22.007 GC heap before
{Heap before GC invocations=34 (full 10):
 def new generation   total 22784K, used 21895K [0x04400000, 0x05cb0000, 0x09950000)
  eden space 20288K,  96% used [0x04400000, 0x057369a0, 0x057d0000)
  from space 2496K,  88% used [0x05a40000, 0x05c6b370, 0x05cb0000)
  to   space 2496K,   0% used [0x057d0000, 0x057d0000, 0x05a40000)
 tenured generation   total 50440K, used 49990K [0x09950000, 0x0ca92000, 0x14400000)
   the space 50440K,  99% used [0x09950000, 0x0ca21a78, 0x0ca21c00, 0x0ca92000)
 Metaspace       used 13102K, capacity 13560K, committed 13568K, reserved 13696K
Event: 22.031 GC heap after
Heap after GC invocations=35 (full 11):
 def new generation   total 37952K, used 0K [0x04400000, 0x06d20000, 0x09950000)
  eden space 33792K,   0% used [0x04400000, 0x04400000, 0x06500000)
  from space 4160K,   0% used [0x06500000, 0x06500000, 0x06910000)
  to   space 4160K,   0% used [0x06910000, 0x06910000, 0x06d20000)
 tenured generation   total 84044K, used 50425K [0x09950000, 0x0eb63000, 0x14400000)
   the space 84044K,  59% used [0x09950000, 0x0ca8e640, 0x0ca8e800, 0x0eb63000)
 Metaspace       used 13102K, capacity 13560K, committed 13568K, reserved 13696K
}

